[10/Jan/2020 18:12:22] "GET /index/ HTTP/1.1" 200 5213
Not Found: /favicon.ico
[10/Jan/2020 18:12:22] "GET /favicon.ico HTTP/1.1" 404 2414
Not Found: /
[10/Jan/2020 19:17:52] "GET / HTTP/1.0" 404 2353
Not Found: /
[10/Jan/2020 19:17:53] "GET / HTTP/1.0" 404 2353
Not Found: /password.cgi
[10/Jan/2020 19:18:36] "GET /password.cgi HTTP/1.0" 404 2412
Not Found: /
[10/Jan/2020 19:18:36] "GET / HTTP/1.0" 404 2358
Not Found: /website-rank/getVoteRecordByManuscriptId.action
[10/Jan/2020 19:18:36] "GET /website-rank/getVoteRecordByManuscriptId.action HTTP/1.0" 404 2517
Not Found: /xampp/showcode.php/showcode.php
[10/Jan/2020 19:18:36] "GET /xampp/showcode.php/showcode.php?showcode=1 HTTP/1.0" 404 2480
Not Found: /examples/servlets/servlet/SessionExample
[10/Jan/2020 19:18:36] "GET /examples/servlets/servlet/SessionExample HTTP/1.0" 404 2496
Not Found: /account/accountlist.php
[10/Jan/2020 19:18:36] "GET /account/accountlist.php?type=list&account=;ifconfig; HTTP/1.0" 404 2478
Not Found: /4jtj36i3er6lx64k45j4
[10/Jan/2020 19:18:36] "GET /4jtj36i3er6lx64k45j4 HTTP/1.0" 404 2436
Not Found: /noexistpagenoexistpage.php::$data
[10/Jan/2020 19:18:36] "GET /noexistpagenoexistpage.php::$data HTTP/1.0" 404 2475
Not Found: /
[10/Jan/2020 19:18:37] "GET / HTTP/1.0" 404 2358
Not Found: //*~1.*/x.aspx
[10/Jan/2020 19:18:37] "GET /%2F*~1.*%2Fx.aspx HTTP/1.0" 404 2415
Not Found: /inc/conn_db.inc
[10/Jan/2020 19:18:37] "GET /inc/conn_db.inc HTTP/1.0" 404 2421
Not Found: /victim.cgi
[10/Jan/2020 19:18:37] "GET /victim.cgi HTTP/1.0" 404 2406
Not Found: /password.cgi
[10/Jan/2020 19:18:37] "GET /password.cgi HTTP/1.0" 404 2412
Not Found: /boafrm/formSysCmd
[10/Jan/2020 19:18:37] "POST /boafrm/formSysCmd HTTP/1.0" 404 2428
Not Found: //ooxx*~1.*/x.aspx
[10/Jan/2020 19:18:37] "GET /%2Fooxx*~1.*%2Fx.aspx HTTP/1.0" 404 2427
Not Found: /index.php::$data
[10/Jan/2020 19:18:37] "GET /index.php::$data HTTP/1.0" 404 2424
Not Found: //
[10/Jan/2020 19:18:37] "GET //?search=hfs HTTP/1.0" 404 2390
Not Found: /error_page.htm
[10/Jan/2020 19:18:37] "GET /error_page.htm HTTP/1.0" 404 2418
Not Found: /cgi-bin/test-cgi
[10/Jan/2020 19:18:37] "GET /cgi-bin/test-cgi HTTP/1.0" 404 2424
Not Found: /error_page.htm
[10/Jan/2020 19:18:37] "GET /error_page.htm?flag=%27%2balert(%27XSS%27)%2b%27 HTTP/1.0" 404 2452
Not Found: /default.php::$data
[10/Jan/2020 19:18:37] "GET /default.php::$data HTTP/1.0" 404 2430
Not Found: /diagnostic.php
[10/Jan/2020 19:18:37] "POST /diagnostic.php HTTP/1.0" 404 2419
Not Found: /Info.live.htm
[10/Jan/2020 19:18:37] "GET /Info.live.htm HTTP/1.0" 404 2415
Not Found: /manager/html
[10/Jan/2020 19:18:37] "GET /manager/html HTTP/1.0" 404 2412
Not Found: /cgi-bin/test.cgi
[10/Jan/2020 19:18:38] "GET /cgi-bin/test.cgi HTTP/1.0" 404 2424
Not Found: /
[10/Jan/2020 19:18:38] "GET / HTTP/1.0" 404 2358
Not Found: /HNAP1/
[10/Jan/2020 19:18:38] "POST /HNAP1/ HTTP/1.0" 404 2395
Not Found: /
[10/Jan/2020 19:18:38] "HEAD / HTTP/1.0" 404 2359
Not Found: /cgi-bin/web_cgi
Not Found: /phpinfo.php
[10/Jan/2020 19:18:38] "GET /cgi-bin/web_cgi?op_req=apply&module=conf_bakdown HTTP/1.0" 404 2458
[10/Jan/2020 19:18:38] "GET /phpinfo.php HTTP/1.0" 404 2409
Not Found: /database/PowerEasy4.mdb
[10/Jan/2020 19:18:38] "GET /database/PowerEasy4.mdb HTTP/1.0" 404 2445
Not Found: /PhpInfo.php
[10/Jan/2020 19:18:38] "GET /PhpInfo.php HTTP/1.0" 404 2409
Not Found: /CSNews.cgi
[10/Jan/2020 19:18:38] "GET /CSNews.cgi HTTP/1.0" 404 2406
Not Found: /cgi-bin/web_cgi
[10/Jan/2020 19:18:38] "GET /cgi-bin/web_cgi?op_req=apply&module=syslog_management&opt=down&type=system HTTP/1.0" 404 2492
Not Found: /
[10/Jan/2020 19:18:38] "SEARCH / HTTP/1.0" 404 2356
Not Found: /
[10/Jan/2020 19:18:38] "TRACE / HTTP/1.0" 404 2360
Not Found: /
[10/Jan/2020 19:18:38] "GET / HTTP/1.0" 404 2358
Not Found: /Gozila.cgi
[10/Jan/2020 19:18:38] "GET /Gozila.cgi HTTP/1.0" 404 2406
Not Found: /
[10/Jan/2020 19:18:38] "PROPFIND / HTTP/1.0" 404 2358
Not Found: /
[10/Jan/2020 19:18:38] "GET / HTTP/1.0" 404 2358
Not Found: /PHPinfo.php
[10/Jan/2020 19:18:38] "GET /PHPinfo.php HTTP/1.0" 404 2409
Not Found: /
Not Found: /${#context['xwork.MethodAccessor.denyMethodExecution']=false,#f=#_memberAccess.getClass().getDeclaredField('allowStaticMethodAccess'),#f.setAccessible(true),#f.set(#_memberAccess,true),@org.apache.commons.io.IOUtils@toString(@java.lang.Runtime@getRuntime().exec('set').getInputStream())}.action
[10/Jan/2020 19:18:38] "GET / HTTP/1.0" 404 2358
[10/Jan/2020 19:18:38] "GET /$%7b%23context['xwork.MethodAccessor.denyMethodExecution']=false,%23f=%23_memberAccess.getClass().getDeclaredField('allowStaticMethodAccess'),%23f.setAccessible(true),%23f.set(%23_memberAccess,true),@org.apache.commons.io.IOUtils@toString(@java.lang.Runtime@getRuntime().exec('set').getInputStream())%7d.action HTTP/1.0" 404 3354
Not Found: /ROADS/cgi-bin/search.pl
Not Found: /config/database.yml
[10/Jan/2020 19:18:38] "GET /ROADS/cgi-bin/search.pl HTTP/1.0" 404 2445
[10/Jan/2020 19:18:38] "GET /config/database.yml HTTP/1.0" 404 2433
Not Found: /7eb18.txt
Not Found: /PHPINFO.php
[10/Jan/2020 19:18:38] "GET /7eb18.txt HTTP/1.0" 404 2398
[10/Jan/2020 19:18:38] "GET /PHPINFO.php HTTP/1.0" 404 2409
Not Found: /.idea/
[10/Jan/2020 19:18:38] "GET /.idea/ HTTP/1.0" 404 2394
Not Found: /database/PowerEasy5.mdb
[10/Jan/2020 19:18:38] "GET /database/PowerEasy5.mdb HTTP/1.0" 404 2445
Not Found: /login.php
[10/Jan/2020 19:18:38] "POST /login.php HTTP/1.0" 404 2404
Not Found: /
[10/Jan/2020 19:18:38] "GET / HTTP/1.0" 404 2358
Not Found: //oauth/authorize
[10/Jan/2020 19:18:38] "GET //oauth/authorize?response_type=${3648*2417}&client_id=acme&scope=openid&redirect_uri=http://test HTTP/1.0" 404 2520
Not Found: /${#context['xwork.MethodAccessor.denyMethodExecution']=false,#f=#_memberAccess.getClass().getDeclaredField('allowStaticMethodAccess'),#f.setAccessible(true),#f.set(#_memberAccess,true),@org.apache.commons.io.IOUtils@toString(@java.lang.Runtime@getRuntime().exec('id').getInputStream())}.action
[10/Jan/2020 19:18:38] "GET /$%7B%23context['xwork.MethodAccessor.denyMethodExecution']=false,%23f=%23_memberAccess.getClass().getDeclaredField('allowStaticMethodAccess'),%23f.setAccessible(true),%23f.set(%23_memberAccess,true),@org.apache.commons.io.IOUtils@toString(@java.lang.Runtime@getRuntime().exec('id').getInputStream())%7D.action HTTP/1.0" 404 3351
Not Found: /7eb18.txt
[10/Jan/2020 19:18:38] "PUT /7eb18.txt HTTP/1.0" 404 2398
Not Found: /
[10/Jan/2020 19:18:38] "PUT / HTTP/1.0" 404 2358
Not Found: /phpInfo.php
[10/Jan/2020 19:18:38] "GET /phpInfo.php HTTP/1.0" 404 2409
Not Found: /SetSecurity.shm
[10/Jan/2020 19:18:38] "GET /SetSecurity.shm HTTP/1.0" 404 2421
Not Found: /.idea/workspace.xml
[10/Jan/2020 19:18:38] "GET /.idea/workspace.xml HTTP/1.0" 404 2433
Not Found: /core/getfile.php
[10/Jan/2020 19:18:39] "GET /core/getfile.php?fr=wb&lang=zh&loc=1&pt=1&fn=1&dt=../../../../../../../../../../../../../../../../../etc/passwd%00 HTTP/1.0" 404 2542
Not Found: /database/PowerEasy6.mdb
Not Found: /.idea/dataSources.xml
[10/Jan/2020 19:18:39] "GET /database/PowerEasy6.mdb HTTP/1.0" 404 2445
[10/Jan/2020 19:18:39] "GET /.idea/dataSources.xml HTTP/1.0" 404 2439
Not Found: /
[10/Jan/2020 19:18:39] "GET / HTTP/1.0" 404 2358
Not Found: /7eb18.txt
[10/Jan/2020 19:18:39] "GET /7eb18.txt HTTP/1.0" 404 2398
Not Found: /database/PowerEasy2005.mdb
[10/Jan/2020 19:18:39] "GET /database/PowerEasy2005.mdb HTTP/1.0" 404 2454
Not Found: /Web_Store/web_store.cgi
[10/Jan/2020 19:18:39] "GET /Web_Store/web_store.cgi HTTP/1.0" 404 2445
Not Found: /info.php
[10/Jan/2020 19:18:39] "GET /info.php HTTP/1.0" 404 2400
Not Found: /database
[10/Jan/2020 19:18:39] "GET /database HTTP/1.0" 404 2400
Not Found: /database/PowerEasy2006.mdb
[10/Jan/2020 19:18:39] "GET /database/PowerEasy2006.mdb HTTP/1.0" 404 2454
Not Found: /
[10/Jan/2020 19:18:39] "POST / HTTP/1.0" 404 2359
Not Found: /crossdomain.xml
[10/Jan/2020 19:18:39] "GET /crossdomain.xml HTTP/1.0" 404 2421
Not Found: /
[10/Jan/2020 19:18:39] "OPTIONS / HTTP/1.0" 404 2362
Not Found: /_mt/mt.cgi
[10/Jan/2020 19:18:39] "GET /_mt/mt.cgi HTTP/1.0" 404 2406
Not Found: /
[10/Jan/2020 19:18:39] "INDEX / HTTP/1.0" 404 2360
Not Found: /hp/device/InternalPages/Index
[10/Jan/2020 19:18:39] "GET /hp/device/InternalPages/Index?id=ConfigurationPage HTTP/1.0" 404 2484
Not Found: /database/PE_Region.mdb
Not Found: /alert.txt
[10/Jan/2020 19:18:39] "GET /database/PE_Region.mdb HTTP/1.0" 404 2442
Not Found: /invoker/JMXInvokerServlet
[10/Jan/2020 19:18:39] "PUT /alert.txt HTTP/1.0" 404 2403
[10/Jan/2020 19:18:39] "POST /invoker/JMXInvokerServlet HTTP/1.0" 404 2457
Not Found: /test.php
[10/Jan/2020 19:18:39] "GET /test.php?mode=phpinfo HTTP/1.0" 404 2413
Not Found: /login.php
[10/Jan/2020 19:18:39] "POST /login.php HTTP/1.0" 404 2404
Not Found: /robots.txt
[10/Jan/2020 19:18:39] "GET /robots.txt HTTP/1.0" 404 2406
Not Found: /download.php
[10/Jan/2020 19:18:39] "GET /download.php?file=/srun3/etc/srun.conf&k=f8e86819411e743ed8b762a259bf163f HTTP/1.0" 404 2477
Not Found: /testvulxxxxxxxxxxxxxxxxxxxx
[10/Jan/2020 19:18:39] "GET /testvulxxxxxxxxxxxxxxxxxxxx HTTP/1.0" 404 2457
Not Found: /
[10/Jan/2020 19:18:39] "INVALID / HTTP/1.0" 404 2362
Not Found: /Listadeparametros.html
[10/Jan/2020 19:18:39] "GET /Listadeparametros.html HTTP/1.0" 404 2442
Not Found: //struts/webconsole.html
Not Found: /monitor/flexdata.action
[10/Jan/2020 19:18:39] "GET //struts/webconsole.html HTTP/1.0" 404 2445
[10/Jan/2020 19:18:39] "POST /monitor/flexdata.action HTTP/1.0" 404 2446
Not Found: /data/dvbbs7.mdb
[10/Jan/2020 19:18:39] "GET /data/dvbbs7.mdb HTTP/1.0" 404 2421
Not Found: /cgi-bin/webproc
[10/Jan/2020 19:18:39] "GET /cgi-bin/webproc?var:page=wizard&var:menu=setup&getpage=/etc/passwd HTTP/1.0" 404 2480
Not Found: /admin.cgi
[10/Jan/2020 19:18:39] "GET /admin.cgi HTTP/1.0" 404 2403
Not Found: /wcm/services/trs:templateservicefacade
[10/Jan/2020 19:18:39] "GET /wcm/services/trs:templateservicefacade?wsdl HTTP/1.0" 404 2495
Not Found: /9e0dca50
[10/Jan/2020 19:18:39] "GET /9e0dca50 HTTP/1.0" 404 2400
Not Found: /index.php
[10/Jan/2020 19:18:40] "GET /index.php?view=phpinfo HTTP/1.0" 404 2416
Not Found: /
[10/Jan/2020 19:18:40] "GET / HTTP/1.0" 404 2358
Not Found: /databackup/dvbbs7.mdb
[10/Jan/2020 19:18:40] "GET /databackup/dvbbs7.mdb HTTP/1.0" 404 2439
Not Found: /pages/zh/user.php
Not Found: /
[10/Jan/2020 19:18:40] "POST /pages/zh/user.php?sp=3 HTTP/1.0" 404 2433
[10/Jan/2020 19:18:40] "GET / HTTP/1.1" 404 2363
Not Found: /management
[10/Jan/2020 19:18:40] "GET /management HTTP/1.0" 404 2406
Not Found: /
[10/Jan/2020 19:18:40] "GET / HTTP/1.0" 404 2358
Not Found: /solr/
[10/Jan/2020 19:18:40] "GET /solr/ HTTP/1.0" 404 2391
Not Found: /index.php
[10/Jan/2020 19:18:40] "GET /index.php?mode=phpinfo HTTP/1.0" 404 2416
Not Found: /
[10/Jan/2020 19:18:40] "GET / HTTP/1.0" 404 2358
Not Found: /administrator.cgi
[10/Jan/2020 19:18:40] "GET /administrator.cgi HTTP/1.0" 404 2427
Not Found: /LICENSE.txt
[10/Jan/2020 19:18:40] "GET /LICENSE.txt HTTP/1.0" 404 2409
Not Found: /password.cgi
[10/Jan/2020 19:18:40] "GET /password.cgi HTTP/1.0" 404 2412
Not Found: /bbs/databackup/dvbbs7.mdb
[10/Jan/2020 19:18:40] "GET /bbs/databackup/dvbbs7.mdb HTTP/1.0" 404 2451
Not Found: /agora.cgi
Not Found: /
[10/Jan/2020 19:18:40] "GET /agora.cgi HTTP/1.0" 404 2403
[10/Jan/2020 19:18:40] "GET /?=PHPE9568F36-D428-11d2-A769-00AA001ACF42 HTTP/1.0" 404 2399
Not Found: /
[10/Jan/2020 19:18:40] "GET / HTTP/1.0" 404 2358
Not Found: /
[10/Jan/2020 19:18:40] "ACL / HTTP/1.0" 404 2358
Not Found: /website-rank/getVoteRecordByManuscriptId.action
[10/Jan/2020 19:18:40] "GET /website-rank/getVoteRecordByManuscriptId.action HTTP/1.0" 404 2517
Not Found: /xampp/showcode.php/showcode.php
[10/Jan/2020 19:18:40] "GET /xampp/showcode.php/showcode.php?showcode=1 HTTP/1.0" 404 2480
Not Found: /data/zm_marry.asp
[10/Jan/2020 19:18:40] "GET /data/zm_marry.asp HTTP/1.0" 404 2427
Not Found: /password.cgi
[10/Jan/2020 19:18:40] "GET /password.cgi HTTP/1.0" 404 2412
Not Found: /examples/servlets/servlet/SessionExample
[10/Jan/2020 19:18:40] "GET /examples/servlets/servlet/SessionExample HTTP/1.0" 404 2496
Not Found: //cgi-bin/test-cgi
Not Found: /account/accountlist.php
[10/Jan/2020 19:18:40] "GET //cgi-bin/test-cgi HTTP/1.0" 404 2427
[10/Jan/2020 19:18:40] "GET /account/accountlist.php?type=list&account=;ifconfig; HTTP/1.0" 404 2478
Not Found: /radtest.php
[10/Jan/2020 19:18:40] "POST /radtest.php HTTP/1.0" 404 2410
Not Found: /jmx-console/HtmlAdaptor
[10/Jan/2020 19:18:40] "GET /jmx-console/HtmlAdaptor?action=invokeOpByName HTTP/1.0" 404 2467
Not Found: /TEST.php
[10/Jan/2020 19:18:40] "GET /TEST.php?mode=phpinfo HTTP/1.0" 404 2413
Not Found: /4o6k5eiqtghiixggtj4j
[10/Jan/2020 19:18:40] "GET /4o6k5eiqtghiixggtj4j HTTP/1.0" 404 2436
Not Found: /aktivate/cgi-bin/catgy.cgi
[10/Jan/2020 19:18:40] "GET /aktivate/cgi-bin/catgy.cgi HTTP/1.0" 404 2454
Not Found: /databackup/dvbbs7.mdb
[10/Jan/2020 19:18:40] "GET /databackup/dvbbs7.mdb HTTP/1.0" 404 2439
Not Found: /
[10/Jan/2020 19:18:40] "PROPFIND / HTTP/1.0" 404 2363
Not Found: /jmx-console/HtmlAdaptor
[10/Jan/2020 19:18:40] "GET /jmx-console/HtmlAdaptor?action=inspectMBean HTTP/1.0" 404 2465
Not Found: /noexistpagenoexistpage.php::$data
[10/Jan/2020 19:18:40] "GET /noexistpagenoexistpage.php::$data HTTP/1.0" 404 2475
Not Found: /install.php
Not Found: /CHANGELOG.txt
[10/Jan/2020 19:18:40] "GET /install.php?mode=phpinfo HTTP/1.0" 404 2422
[10/Jan/2020 19:18:40] "GET /CHANGELOG.txt HTTP/1.0" 404 2415
Not Found: /
[10/Jan/2020 19:18:40] "GET / HTTP/1.0" 404 2358
Not Found: //*~1.*/x.aspx
[10/Jan/2020 19:18:40] "GET /%2F*~1.*%2Fx.aspx HTTP/1.0" 404 2415
Not Found: /
[10/Jan/2020 19:18:40] "GET / HTTP/1.0" 404 2358
Not Found: /
[10/Jan/2020 19:18:40] "RMDIR / HTTP/1.0" 404 2360
Not Found: /
[10/Jan/2020 19:18:40] "GET / HTTP/1.0" 404 2358
Not Found: /admin/data/qcdn_news.mdb
[10/Jan/2020 19:18:40] "GET /admin/data/qcdn_news.mdb HTTP/1.0" 404 4180
Not Found: /
[10/Jan/2020 19:18:40] "GET /?s=abc~abc~abc~$%7B@print(md5(base64_decode(MzYwd2Vic2Nhbg)))%7D HTTP/1.0" 404 2422
Not Found: /analyse.cgi
Not Found: /inc/conn_db.inc
[10/Jan/2020 19:18:41] "GET /analyse.cgi HTTP/1.0" 404 2409
[10/Jan/2020 19:18:41] "GET /inc/conn_db.inc HTTP/1.0" 404 2421
Not Found: /WebResource.axd
[10/Jan/2020 19:18:41] "GET /WebResource.axd?d= HTTP/1.0" 404 2424
Not Found: /~.aspx
[10/Jan/2020 19:18:41] "GET /~.aspx HTTP/1.0" 404 2394
Not Found: /boafrm/formSysCmd
[10/Jan/2020 19:18:41] "POST /boafrm/formSysCmd HTTP/1.0" 404 2428
Not Found: /index.php::$data
[10/Jan/2020 19:18:41] "GET /index.php::$data HTTP/1.0" 404 2424
Not Found: /error_page.htm
Not Found: /_mmServerScripts/
[10/Jan/2020 19:18:41] "GET /error_page.htm HTTP/1.0" 404 2418
Not Found: /UPGRADE.txt
[10/Jan/2020 19:18:41] "GET /_mmServerScripts/ HTTP/1.0" 404 2427
Not Found: /CVS
[10/Jan/2020 19:18:41] "GET /UPGRADE.txt HTTP/1.0" 404 2409
Not Found: /lkjasdlkjdflkasjdfvkjdshfqwerour
[10/Jan/2020 19:18:41] "GET /CVS HTTP/1.0" 404 2385
Not Found: /INSTALL.php
[10/Jan/2020 19:18:41] "GET /lkjasdlkjdflkasjdfvkjdshfqwerour HTTP/1.0" 404 2472
[10/Jan/2020 19:18:41] "GET /INSTALL.php?mode=phpinfo HTTP/1.0" 404 2422
Not Found: /
Not Found: //ooxx*~1.*/x.aspx
Not Found: //
[10/Jan/2020 19:18:41] "GET /%2Fooxx*~1.*%2Fx.aspx HTTP/1.0" 404 2427
[10/Jan/2020 19:18:41] "REPORT / HTTP/1.0" 404 2361
[10/Jan/2020 19:18:41] "GET //?search=hfs HTTP/1.0" 404 2390
Not Found: /victim.cgi
Not Found: /CFIDE/administrator/enter.cfm
[10/Jan/2020 19:18:41] "GET /victim.cgi HTTP/1.0" 404 2406
[10/Jan/2020 19:18:41] "GET /CFIDE/administrator/enter.cfm?locale=../../../../../../../../../../etc/tsefdsaew%00en HTTP/1.0" 404 2519
Not Found: /diagnostic.php
[10/Jan/2020 19:18:41] "POST /diagnostic.php HTTP/1.0" 404 2419
Not Found: /Info.live.htm
[10/Jan/2020 19:18:41] "GET /Info.live.htm HTTP/1.0" 404 2415
Not Found: /firend.mdb
[10/Jan/2020 19:18:41] "GET /firend.mdb HTTP/1.0" 404 2406
Not Found: /
[10/Jan/2020 19:18:41] "GET / HTTP/1.0" 404 2358
Not Found: /include/css/login.css
[10/Jan/2020 19:18:41] "GET /include/css/login.css HTTP/1.0" 404 2439
Not Found: //assets/file:///etc/passwd
[10/Jan/2020 19:18:41] "GET //assets/file:%2f%2f/etc/passwd HTTP/1.0" 404 2454
Not Found: /error_page.htm
[10/Jan/2020 19:18:41] "GET /error_page.htm?flag=%27%2balert(%27XSS%27)%2b%27 HTTP/1.0" 404 2452
Not Found: /INSTALL.pgsql.txt
Not Found: /manager/html
[10/Jan/2020 19:18:41] "GET /INSTALL.pgsql.txt HTTP/1.0" 404 2427
[10/Jan/2020 19:18:41] "GET /manager/html HTTP/1.0" 404 2412
Not Found: /devmode.action
[10/Jan/2020 19:18:41] "GET /devmode.action?debug=command&expression=(%23_memberAccess%5B%22allowStaticMethodAccess%22%5D%3Dtrue%2C%23foo%3Dnew%20java.lang.Boolean%28%22false%22%29%20%2C%23context%5B%22xwork.MethodAccessor.denyMethodExecution%22%5D%3D%23foo%2C@org.apache.commons.io.IOUtils@toString%28@java.lang.Runtime@getRuntime%28%29.exec%28%27set%27%29.getInputStream%28%29%29) HTTP/1.0" 404 2761
Not Found: /robots.txt
[10/Jan/2020 19:18:41] "GET /robots.txt HTTP/1.0" 404 2406
Not Found: /
[10/Jan/2020 19:18:41] "HEAD / HTTP/1.0" 404 2359
Not Found: /fetionlist.php
[10/Jan/2020 19:18:41] "POST /fetionlist.php HTTP/1.0" 404 2419
Not Found: /HNAP1/
[10/Jan/2020 19:18:41] "POST /HNAP1/ HTTP/1.0" 404 2395
Not Found: /get_online_user.php
[10/Jan/2020 19:18:41] "GET /get_online_user.php?k=e08c63f33cbc7ba433d27ef77399d784&action=show4&uname=;echo%20%27vulnable%27>vul.php; HTTP/1.0" 404 2529
Not Found: /cgi-bin/test-cgi
[10/Jan/2020 19:18:41] "GET /cgi-bin/test-cgi HTTP/1.0" 404 2424
Not Found: /server.php
[10/Jan/2020 19:18:41] "POST /server.php HTTP/1.0" 404 2407
Not Found: /cgi-bin/web_cgi
[10/Jan/2020 19:18:41] "GET /cgi-bin/web_cgi?op_req=apply&module=conf_bakdown HTTP/1.0" 404 2458
Not Found: /phpinfo.php
Not Found: /
[10/Jan/2020 19:18:41] "GET /phpinfo.php HTTP/1.0" 404 2409
[10/Jan/2020 19:18:41] "GET / HTTP/1.0" 404 2358
Not Found: /ckfinder/ckfinder.html
[10/Jan/2020 19:18:41] "GET /ckfinder/ckfinder.html HTTP/1.0" 404 2442
Not Found: /abc-abc-abc-${@print(md5(base64_decode(MzYwd2Vic2Nhbg)))}/
[10/Jan/2020 19:18:41] "GET /abc-abc-abc-$%7B@print(md5(base64_decode(MzYwd2Vic2Nhbg)))%7D/ HTTP/1.0" 404 2554
Not Found: /MAINTAINERS.txt
[10/Jan/2020 19:18:41] "GET /MAINTAINERS.txt HTTP/1.0" 404 2421
Not Found: /database/PowerEasy4.mdb
Not Found: /qqlist.php
[10/Jan/2020 19:18:41] "GET /database/PowerEasy4.mdb HTTP/1.0" 404 2445
[10/Jan/2020 19:18:41] "POST /qqlist.php HTTP/1.0" 404 2407
Not Found: /
[10/Jan/2020 19:18:41] "SEARCH / HTTP/1.0" 404 2356
Not Found: /
[10/Jan/2020 19:18:41] "GET / HTTP/1.0" 404 2358
Not Found: /
[10/Jan/2020 19:18:41] "GET / HTTP/1.0" 404 2358
Not Found: /
Not Found: /database/newcloud6.mdb
[10/Jan/2020 19:18:41] "GET / HTTP/1.0" 404 2358
[10/Jan/2020 19:18:41] "GET /database/newcloud6.mdb HTTP/1.0" 404 2442
Not Found: /default.php::$data
[10/Jan/2020 19:18:41] "GET /default.php::$data HTTP/1.0" 404 2430
Not Found: /WebResource.axd
[10/Jan/2020 19:18:41] "GET /WebResource.axd?d=1578655121 HTTP/1.0" 404 2434
Not Found: /images/login/btn_login.png
[10/Jan/2020 19:18:41] "GET /images/login/btn_login.png HTTP/1.0" 404 2454
Not Found: /.idea/
[10/Jan/2020 19:18:41] "GET /.idea/ HTTP/1.0" 404 2394
Not Found: /admin47/
[10/Jan/2020 19:18:41] "HEAD /admin47/ HTTP/1.0" 404 2401
Not Found: /config/database.yml
[10/Jan/2020 19:18:41] "GET /config/database.yml HTTP/1.0" 404 2433
Not Found: /login.php
[10/Jan/2020 19:18:41] "POST /login.php HTTP/1.0" 404 2404
Not Found: /
[10/Jan/2020 19:18:41] "LABEL / HTTP/1.0" 404 2360
Not Found: /assets/file:///%2e%2e/%2e%2e/%2e%2e/%2e%2e/%2e%2e/%2e%2e/etc/test
Not Found: /apps/web/vs_diag.cgi
[10/Jan/2020 19:18:41] "GET /assets/file:%2f%2f/%252e%252e/%252e%252e/%252e%252e/%252e%252e/%252e%252e/%252e%252e/etc/test HTTP/1.0" 404 2595
[10/Jan/2020 19:18:41] "GET /apps/web/vs_diag.cgi HTTP/1.0" 404 2436
Not Found: /
[10/Jan/2020 19:18:41] "TRACE / HTTP/1.0" 404 2360
Not Found: /xmlrpc.php
[10/Jan/2020 19:18:41] "POST /xmlrpc.php HTTP/1.0" 404 2407
Not Found: //oauth/authorize
[10/Jan/2020 19:18:41] "GET //oauth/authorize?response_type=${2827*7759}&client_id=acme&scope=openid&redirect_uri=http://test HTTP/1.0" 404 2520
Not Found: /
[10/Jan/2020 19:18:41] "GET /?s=/abc/abc/abc/$%7B@print(md5(base64_decode(MzYwd2Vic2Nhbg)))%7D/ HTTP/1.0" 404 2424
Not Found: /database
[10/Jan/2020 19:18:41] "GET /database HTTP/1.0" 404 2400
Not Found: /
[10/Jan/2020 19:18:41] "GET / HTTP/1.0" 404 2358
Not Found: /${#context['xwork.MethodAccessor.denyMethodExecution']=false,#f=#_memberAccess.getClass().getDeclaredField('allowStaticMethodAccess'),#f.setAccessible(true),#f.set(#_memberAccess,true),@org.apache.commons.io.IOUtils@toString(@java.lang.Runtime@getRuntime().exec('set').getInputStream())}.action
[10/Jan/2020 19:18:41] "GET /$%7b%23context['xwork.MethodAccessor.denyMethodExecution']=false,%23f=%23_memberAccess.getClass().getDeclaredField('allowStaticMethodAccess'),%23f.setAccessible(true),%23f.set(%23_memberAccess,true),@org.apache.commons.io.IOUtils@toString(@java.lang.Runtime@getRuntime().exec('set').getInputStream())%7d.action HTTP/1.0" 404 3354
Not Found: /js/editor/kindeditor/skins/default.css
[10/Jan/2020 19:18:41] "GET /js/editor/kindeditor/skins/default.css HTTP/1.0" 404 2490
Not Found: /hp/device/InternalPages/Index
Not Found: /PhpInfo.php
[10/Jan/2020 19:18:41] "GET /hp/device/InternalPages/Index?id=ConfigurationPage HTTP/1.0" 404 2484
[10/Jan/2020 19:18:41] "GET /PhpInfo.php HTTP/1.0" 404 2409
Not Found: /crossdomain.xml
[10/Jan/2020 19:18:41] "GET /crossdomain.xml HTTP/1.0" 404 2421
Not Found: /login.php
[10/Jan/2020 19:18:41] "POST /login.php HTTP/1.0" 404 2404
Not Found: /alert.txt
[10/Jan/2020 19:18:41] "PUT /alert.txt HTTP/1.0" 404 2403
Not Found: /CVSROOT/config,v
[10/Jan/2020 19:18:41] "GET /CVSROOT/config,v HTTP/1.0" 404 2424
Not Found: /download.php
[10/Jan/2020 19:18:41] "GET /download.php?file=/srun3/etc/srun.conf&k=f8e86819411e743ed8b762a259bf163f HTTP/1.0" 404 2477
Not Found: /robots.txt
Not Found: /CFIDE/administrator/enter.cfm
[10/Jan/2020 19:18:41] "GET /robots.txt HTTP/1.0" 404 2406
[10/Jan/2020 19:18:41] "GET /CFIDE/administrator/enter.cfm?locale=../../../../../../../../../../etc/passwd%00en HTTP/1.0" 404 2516
Not Found: /cgi-bin/web_cgi
Not Found: /sinawblist.php
[10/Jan/2020 19:18:41] "GET /cgi-bin/web_cgi?op_req=apply&module=syslog_management&opt=down&type=system HTTP/1.0" 404 2492
Not Found: /testvulxxxxxxxxxxxxxxxxxxxx
[10/Jan/2020 19:18:41] "POST /sinawblist.php HTTP/1.0" 404 2419
Not Found: //admin/login.php
[10/Jan/2020 19:18:41] "GET /testvulxxxxxxxxxxxxxxxxxxxx HTTP/1.0" 404 2457
[10/Jan/2020 19:18:41] "GET //admin/login.php HTTP/1.0" 404 4156
Not Found: /cgi-bin/test.cgi
[10/Jan/2020 19:18:41] "GET /cgi-bin/test.cgi HTTP/1.0" 404 2424
Not Found: /INSTALL.mysql.txt
[10/Jan/2020 19:18:41] "GET /INSTALL.mysql.txt HTTP/1.0" 404 2427
Not Found: /monitor/flexdata.action
[10/Jan/2020 19:18:41] "POST /monitor/flexdata.action HTTP/1.0" 404 2446
Not Found: /core/getfile.php
[10/Jan/2020 19:18:41] "GET /core/getfile.php?fr=wb&lang=zh&loc=1&pt=1&fn=1&dt=../../../../../../../../../../../../../../../../../etc/passwd%00 HTTP/1.0" 404 2542
Not Found: /
[10/Jan/2020 19:18:42] "PROPFIND / HTTP/1.0" 404 2358
Not Found: /admin.php
[10/Jan/2020 19:18:42] "GET /admin.php?mode=phpinfo HTTP/1.0" 404 2416
Not Found: /editor/kindeditor/skins/default.css
[10/Jan/2020 19:18:42] "GET /editor/kindeditor/skins/default.css HTTP/1.0" 404 2481
Not Found: /Listadeparametros.html
[10/Jan/2020 19:18:42] "GET /Listadeparametros.html HTTP/1.0" 404 2442
Not Found: /.idea/workspace.xml
[10/Jan/2020 19:18:42] "GET /.idea/workspace.xml HTTP/1.0" 404 2433
Not Found: /
[10/Jan/2020 19:18:42] "CONNECT / HTTP/1.0" 404 2362
Not Found: //struts/webconsole.html
[10/Jan/2020 19:18:42] "GET //struts/webconsole.html HTTP/1.0" 404 2445
Not Found: /abc/abc/abc/${@print(md5(base64_decode(MzYwd2Vic2Nhbg)))}
Not Found: /admin_47/
[10/Jan/2020 19:18:42] "GET /abc/abc/abc/$%7B@print(md5(base64_decode(MzYwd2Vic2Nhbg)))%7D HTTP/1.0" 404 2551
[10/Jan/2020 19:18:42] "HEAD /admin_47/ HTTP/1.0" 404 2404
Not Found: /a01d6.txt
Not Found: /index.php/api/xmlrpc
[10/Jan/2020 19:18:42] "GET /a01d6.txt HTTP/1.0" 404 2398
Not Found: /cgi-bin/webproc
[10/Jan/2020 19:18:42] "POST /index.php/api/xmlrpc HTTP/1.0" 404 2437
Not Found: /assets/file:///%2e%2e/%2e%2e/%2e%2e/%2e%2e/%2e%2e/%2e%2e/etc/passwd
[10/Jan/2020 19:18:42] "GET /cgi-bin/webproc?var:page=wizard&var:menu=setup&getpage=/etc/passwd HTTP/1.0" 404 2480
Not Found: /database/PowerEasy5.mdb
[10/Jan/2020 19:18:42] "GET /assets/file:%2f%2f/%252e%252e/%252e%252e/%252e%252e/%252e%252e/%252e%252e/%252e%252e/etc/passwd HTTP/1.0" 404 2601
[10/Jan/2020 19:18:42] "GET /database/PowerEasy5.mdb HTTP/1.0" 404 2445
Not Found: /pages/zh/user.php
[10/Jan/2020 19:18:42] "POST /pages/zh/user.php?sp=3 HTTP/1.0" 404 2433
Not Found: /PHPinfo.php
[10/Jan/2020 19:18:42] "GET /PHPinfo.php HTTP/1.0" 404 2409
Not Found: /devmode.action
[10/Jan/2020 19:18:42] "GET /devmode.action?debug=command&expression=(%23_memberAccess%5B%22allowStaticMethodAccess%22%5D%3Dtrue%2C%23foo%3Dnew%20java.lang.Boolean%28%22false%22%29%20%2C%23context%5B%22xwork.MethodAccessor.denyMethodExecution%22%5D%3D%23foo%2C@org.apache.commons.io.IOUtils@toString%28@java.lang.Runtime@getRuntime%28%29.exec%28%27id%27%29.getInputStream%28%29%29) HTTP/1.0" 404 2760
Not Found: /wcm/services/trs:templateservicefacade
Not Found: /_mmServerScripts/MMHTTPDB.php
[10/Jan/2020 19:18:42] "GET /wcm/services/trs:templateservicefacade?wsdl HTTP/1.0" 404 2495
[10/Jan/2020 19:18:42] "GET /_mmServerScripts/MMHTTPDB.php HTTP/1.0" 404 2463
Not Found: /axis-cgi/buffer/command.cgi
[10/Jan/2020 19:18:42] "GET /axis-cgi/buffer/command.cgi HTTP/1.0" 404 2457
Not Found: /CVSROOT/config
[10/Jan/2020 19:18:42] "GET /CVSROOT/config HTTP/1.0" 404 2418
Not Found: /
Not Found: /a01d6.txt
[10/Jan/2020 19:18:42] "GET / HTTP/1.0" 404 2358
[10/Jan/2020 19:18:42] "PUT /a01d6.txt HTTP/1.0" 404 2398
Not Found: /kindeditor/skins/default.css
[10/Jan/2020 19:18:42] "GET /kindeditor/skins/default.css HTTP/1.0" 404 2460
Not Found: /database/#newasp.mdb
[10/Jan/2020 19:18:42] "GET /database/%23newasp.mdb HTTP/1.0" 404 2438
Not Found: /
Not Found: /.idea/dataSources.xml
[10/Jan/2020 19:18:42] "GET / HTTP/1.0" 404 2358
[10/Jan/2020 19:18:42] "GET /.idea/dataSources.xml HTTP/1.0" 404 2439
Not Found: /
[10/Jan/2020 19:18:42] "SEARCH / HTTP/1.0" 404 2361
Not Found: /CSNews.cgi
Not Found: /phpversion.php
[10/Jan/2020 19:18:42] "GET /CSNews.cgi HTTP/1.0" 404 2406
[10/Jan/2020 19:18:42] "GET /phpversion.php HTTP/1.0" 404 2418
Not Found: /INSTALL.txt
Not Found: /taobaolist.php
[10/Jan/2020 19:18:42] "GET /INSTALL.txt HTTP/1.0" 404 2409
[10/Jan/2020 19:18:42] "POST /taobaolist.php HTTP/1.0" 404 2419
Not Found: /PHPINFO.php
[10/Jan/2020 19:18:42] "GET /PHPINFO.php HTTP/1.0" 404 2409
Not Found: /database/PowerEasy6.mdb
[10/Jan/2020 19:18:42] "GET /database/PowerEasy6.mdb HTTP/1.0" 404 2445
Not Found: /_mmServerScripts/MMHTTPDB.asp
Not Found: /c741fc6d
[10/Jan/2020 19:18:42] "GET /_mmServerScripts/MMHTTPDB.asp HTTP/1.0" 404 2463
[10/Jan/2020 19:18:42] "GET /c741fc6d HTTP/1.0" 404 2400
Not Found: /${#context['xwork.MethodAccessor.denyMethodExecution']=false,#f=#_memberAccess.getClass().getDeclaredField('allowStaticMethodAccess'),#f.setAccessible(true),#f.set(#_memberAccess,true),@org.apache.commons.io.IOUtils@toString(@java.lang.Runtime@getRuntime().exec('id').getInputStream())}.action
[10/Jan/2020 19:18:42] "GET /$%7B%23context['xwork.MethodAccessor.denyMethodExecution']=false,%23f=%23_memberAccess.getClass().getDeclaredField('allowStaticMethodAccess'),%23f.setAccessible(true),%23f.set(%23_memberAccess,true),@org.apache.commons.io.IOUtils@toString(@java.lang.Runtime@getRuntime().exec('id').getInputStream())%7D.action HTTP/1.0" 404 3351
Not Found: /Gozila.cgi
Not Found: /abc,abc,abc,${@print(md5(base64_decode(MzYwd2Vic2Nhbg)))}/
[10/Jan/2020 19:18:42] "GET /Gozila.cgi HTTP/1.0" 404 2406
[10/Jan/2020 19:18:42] "GET /abc,abc,abc,$%7B@print(md5(base64_decode(MzYwd2Vic2Nhbg)))%7D/ HTTP/1.0" 404 2554
Not Found: /management
Not Found: /
[10/Jan/2020 19:18:42] "GET /management HTTP/1.0" 404 2406
[10/Jan/2020 19:18:42] "GET / HTTP/1.0" 404 2358
Not Found: /
[10/Jan/2020 19:18:42] "GET / HTTP/1.1" 404 2363
Not Found: /a01d6.txt
Not Found: /solr/
[10/Jan/2020 19:18:42] "GET /a01d6.txt HTTP/1.0" 404 2398
Not Found: /phpInfo.php
[10/Jan/2020 19:18:42] "GET /solr/ HTTP/1.0" 404 2391
Not Found: /
[10/Jan/2020 19:18:42] "GET /phpInfo.php HTTP/1.0" 404 2409
Not Found: /bocadmin/a/a.png
[10/Jan/2020 19:18:42] "GET / HTTP/1.0" 404 2358
Not Found: //cgi-bin/test-cgi
[10/Jan/2020 19:18:42] "GET /bocadmin/a/a.png HTTP/1.0" 404 4156
Not Found: /jmx-console/HtmlAdaptor
[10/Jan/2020 19:18:42] "GET //cgi-bin/test-cgi HTTP/1.0" 404 2427
Not Found: /
Not Found: /radtest.php
[10/Jan/2020 19:18:42] "GET /jmx-console/HtmlAdaptor?action=invokeOpByName HTTP/1.0" 404 2467
Not Found: /
[10/Jan/2020 19:18:42] "GET / HTTP/1.0" 404 2358
[10/Jan/2020 19:18:42] "POST /radtest.php HTTP/1.0" 404 2410
[10/Jan/2020 19:18:42] "PROPFIND / HTTP/1.0" 404 2363
Not Found: /CVS/config,v
[10/Jan/2020 19:18:42] "GET /CVS/config,v HTTP/1.0" 404 2412
Not Found: /
Not Found: /WebResource.axd
[10/Jan/2020 19:18:42] "GET / HTTP/1.0" 404 2358
[10/Jan/2020 19:18:42] "GET /WebResource.axd?d= HTTP/1.0" 404 2424
Not Found: /b2-include/b2edit.showposts.php
[10/Jan/2020 19:18:42] "GET /b2-include/b2edit.showposts.php HTTP/1.0" 404 2469
Not Found: /
Not Found: /~.aspx
[10/Jan/2020 19:18:42] "GET /?s=abc~abc~abc~$%7B@print(md5(base64_decode(MzYwd2Vic2Nhbg)))%7D HTTP/1.0" 404 2422
[10/Jan/2020 19:18:42] "GET /~.aspx HTTP/1.0" 404 2394
Not Found: /ROADS/cgi-bin/search.pl
[10/Jan/2020 19:18:42] "GET /ROADS/cgi-bin/search.pl HTTP/1.0" 404 2445
Not Found: /
[10/Jan/2020 19:18:42] "GET / HTTP/1.0" 404 2358
Not Found: /_mmServerScripts/
[10/Jan/2020 19:18:42] "GET /_mmServerScripts/ HTTP/1.0" 404 2427
Not Found: /CVS
[10/Jan/2020 19:18:42] "GET /CVS HTTP/1.0" 404 2385
Not Found: /
[10/Jan/2020 19:18:42] "GET / HTTP/1.0" 404 2358
Not Found: /CFIDE/administrator/enter.cfm
[10/Jan/2020 19:18:42] "GET /CFIDE/administrator/enter.cfm?locale=../../../../../../../../../../etc/tsefdsaew%00en HTTP/1.0" 404 2519
Not Found: //assets/file:///etc/passwd
[10/Jan/2020 19:18:42] "GET //assets/file:%2f%2f/etc/passwd HTTP/1.0" 404 2454
Not Found: /devmode.action
[10/Jan/2020 19:18:42] "GET /devmode.action?debug=command&expression=(%23_memberAccess%5B%22allowStaticMethodAccess%22%5D%3Dtrue%2C%23foo%3Dnew%20java.lang.Boolean%28%22false%22%29%20%2C%23context%5B%22xwork.MethodAccessor.denyMethodExecution%22%5D%3D%23foo%2C@org.apache.commons.io.IOUtils@toString%28@java.lang.Runtime@getRuntime%28%29.exec%28%27set%27%29.getInputStream%28%29%29) HTTP/1.0" 404 2761
Not Found: /LICENSE_AFL.txt
[10/Jan/2020 19:18:42] "GET /LICENSE_AFL.txt HTTP/1.0" 404 2421
Not Found: /
[10/Jan/2020 19:18:42] "GET / HTTP/1.0" 404 2358
Not Found: /include/css/login.css
Not Found: /STATUS.txt
[10/Jan/2020 19:18:42] "GET /include/css/login.css HTTP/1.0" 404 2439
Not Found: /
[10/Jan/2020 19:18:42] "GET /STATUS.txt HTTP/1.0" 404 2406
[10/Jan/2020 19:18:42] "PUT / HTTP/1.0" 404 2358
Not Found: /vul.php
[10/Jan/2020 19:18:42] "GET /vul.php HTTP/1.0" 404 2397
Not Found: /CFIDE/administrator/enter.cfm
[10/Jan/2020 19:18:42] "GET /CFIDE/administrator/enter.cfm?locale=../../../../../../../../../../etc/passwd%00en HTTP/1.0" 404 2516
Not Found: /license.txt
[10/Jan/2020 19:18:42] "GET /license.txt HTTP/1.0" 404 2409
Not Found: /skins/default.css
[10/Jan/2020 19:18:42] "GET /skins/default.css HTTP/1.0" 404 2427
Not Found: /
[10/Jan/2020 19:18:42] "SPACEJUMP / HTTP/1.0" 404 2364
Not Found: /abc-abc-abc-${@print(md5(base64_decode(MzYwd2Vic2Nhbg)))}/
[10/Jan/2020 19:18:42] "GET /abc-abc-abc-$%7B@print(md5(base64_decode(MzYwd2Vic2Nhbg)))%7D/ HTTP/1.0" 404 2554
Not Found: /SetSecurity.shm
[10/Jan/2020 19:18:42] "GET /SetSecurity.shm HTTP/1.0" 404 2421
Not Found: /_mmServerScripts/MMHTTPDB.php
[10/Jan/2020 19:18:42] "GET /_mmServerScripts/MMHTTPDB.php HTTP/1.0" 404 2463
Not Found: /rom-0
[10/Jan/2020 19:18:42] "GET /rom-0 HTTP/1.0" 404 2391
Not Found: /Web_Store/web_store.cgi
[10/Jan/2020 19:18:42] "GET /Web_Store/web_store.cgi HTTP/1.0" 404 2445
Not Found: /CVS/config
[10/Jan/2020 19:18:42] "GET /CVS/config HTTP/1.0" 404 2406
[10/Jan/2020 19:18:42] "HEAD /47admin/ HTTP/1.0" 302 0
Not Found: /_mmServerScripts/MMHTTPDB.aspx
[10/Jan/2020 19:18:42] "GET /_mmServerScripts/MMHTTPDB.aspx HTTP/1.0" 404 2466
Not Found: /lkjasdlkjdflkasjdfvkjdshfqwerour
[10/Jan/2020 19:18:43] "GET /lkjasdlkjdflkasjdfvkjdshfqwerour HTTP/1.0" 404 2472
Not Found: /web.config
Not Found: /checkbom.php
[10/Jan/2020 19:18:43] "GET /web.config HTTP/1.0" 404 2406
[10/Jan/2020 19:18:43] "GET /checkbom.php HTTP/1.0" 404 2412
Not Found: /devmode.action
[10/Jan/2020 19:18:43] "GET /devmode.action?debug=command&expression=(%23_memberAccess%5B%22allowStaticMethodAccess%22%5D%3Dtrue%2C%23foo%3Dnew%20java.lang.Boolean%28%22false%22%29%20%2C%23context%5B%22xwork.MethodAccessor.denyMethodExecution%22%5D%3D%23foo%2C@org.apache.commons.io.IOUtils@toString%28@java.lang.Runtime@getRuntime%28%29.exec%28%27id%27%29.getInputStream%28%29%29) HTTP/1.0" 404 2760
Not Found: /
[10/Jan/2020 19:18:43] "CHECKIN / HTTP/1.0" 404 2362
Not Found: /info.php
Not Found: /_mmServerScripts/MMHTTPDB.jsp
[10/Jan/2020 19:18:43] "GET /info.php HTTP/1.0" 404 2400
[10/Jan/2020 19:18:43] "GET /_mmServerScripts/MMHTTPDB.jsp HTTP/1.0" 404 2463
[10/Jan/2020 19:18:43] "HEAD /admin/login/?next=/47admin/ HTTP/1.0" 200 1825
Not Found: /_mmServerScripts/MMHTTPDB.asp
[10/Jan/2020 19:18:43] "GET /_mmServerScripts/MMHTTPDB.asp HTTP/1.0" 404 2463
Not Found: /ckfinder/ckfinder.html
[10/Jan/2020 19:18:43] "GET /ckfinder/ckfinder.html HTTP/1.0" 404 2442
Not Found: /bom.php
[10/Jan/2020 19:18:43] "GET /bom.php HTTP/1.0" 404 2397
Not Found: /CVSROOT/config,v
[10/Jan/2020 19:18:43] "GET /CVSROOT/config,v HTTP/1.0" 404 2424
Not Found: /fetionlist.php
[10/Jan/2020 19:18:43] "POST /fetionlist.php HTTP/1.0" 404 2419
Not Found: /server.php
[10/Jan/2020 19:18:43] "POST /server.php HTTP/1.0" 404 2407
Not Found: /robots.txt
Not Found: /
Not Found: /phpVersion.php
[10/Jan/2020 19:18:43] "SHOWMETHOD / HTTP/1.0" 404 2365
[10/Jan/2020 19:18:43] "GET /phpVersion.php HTTP/1.0" 404 2418
Not Found: /get_online_user.php
[10/Jan/2020 19:18:43] "GET /robots.txt HTTP/1.0" 404 2406
Not Found: /
[10/Jan/2020 19:18:43] "GET /get_online_user.php?k=e08c63f33cbc7ba433d27ef77399d784&action=show4&uname=;echo%20%27vulnable%27>vul.php; HTTP/1.0" 404 2529
[10/Jan/2020 19:18:43] "GET / HTTP/1.0" 404 2358
Not Found: /58benjo/
[10/Jan/2020 19:18:43] "HEAD /58benjo/ HTTP/1.0" 404 2401
Not Found: /qqlist.php
[10/Jan/2020 19:18:43] "POST /qqlist.php HTTP/1.0" 404 2407
Not Found: /js/editor/kindeditor/skins/default.css
[10/Jan/2020 19:18:43] "GET /js/editor/kindeditor/skins/default.css HTTP/1.0" 404 2490
Not Found: /xmlrpc.php
[10/Jan/2020 19:18:43] "POST /xmlrpc.php HTTP/1.0" 404 2407
[10/Jan/2020 19:18:43] "GET /47admin/ HTTP/1.0" 302 0
Not Found: /sinawblist.php
[10/Jan/2020 19:18:43] "POST /sinawblist.php HTTP/1.0" 404 2419
Not Found: /
[10/Jan/2020 19:18:43] "GET / HTTP/1.0" 404 2358
[10/Jan/2020 19:18:43] "GET /admin/login/?next=/47admin/ HTTP/1.0" 200 1825
Not Found: /_mt/mt.cgi
[10/Jan/2020 19:18:43] "GET /_mt/mt.cgi HTTP/1.0" 404 2406
Not Found: /admin.cgi
[10/Jan/2020 19:18:43] "GET /admin.cgi HTTP/1.0" 404 2403
Not Found: /_mmServerScripts/MMHTTPDB.aspx
[10/Jan/2020 19:18:43] "GET /_mmServerScripts/MMHTTPDB.aspx HTTP/1.0" 404 2466
Not Found: /LICENSE.txt
[10/Jan/2020 19:18:43] "GET /LICENSE.txt HTTP/1.0" 404 2409
Not Found: /
[10/Jan/2020 19:18:43] "LINK / HTTP/1.0" 404 2359
Not Found: /taobaolist.php
[10/Jan/2020 19:18:43] "POST /taobaolist.php HTTP/1.0" 404 2419
Not Found: /index.php/api/xmlrpc
[10/Jan/2020 19:18:43] "POST /index.php/api/xmlrpc HTTP/1.0" 404 2437
Not Found: /admin47/
[10/Jan/2020 19:18:43] "HEAD /47_admin/ HTTP/1.0" 302 0
Not Found: /vul.php
[10/Jan/2020 19:18:43] "HEAD /admin47/ HTTP/1.0" 404 2401
[10/Jan/2020 19:18:43] "GET /vul.php HTTP/1.0" 404 2397
Not Found: /CHANGELOG.txt
[10/Jan/2020 19:18:43] "GET /CHANGELOG.txt HTTP/1.0" 404 2415
Not Found: /
[10/Jan/2020 19:18:43] "GET /?=PHPE9568F36-D428-11d2-A769-00AA001ACF42 HTTP/1.0" 404 2399
[10/Jan/2020 19:18:43] "HEAD /admin/login/?next=/47_admin/ HTTP/1.0" 200 1827
Not Found: /UPGRADE.txt
[10/Jan/2020 19:18:43] "GET /UPGRADE.txt HTTP/1.0" 404 2409
Not Found: /
[10/Jan/2020 19:18:43] "GET /?s=/abc/abc/abc/$%7B@print(md5(base64_decode(MzYwd2Vic2Nhbg)))%7D/ HTTP/1.0" 404 2424
Not Found: /58_benjo/
[10/Jan/2020 19:18:43] "HEAD /58_benjo/ HTTP/1.0" 404 2404
Not Found: /administrator.cgi
[10/Jan/2020 19:18:43] "GET /administrator.cgi HTTP/1.0" 404 2427
Not Found: /admin_47/
[10/Jan/2020 19:18:43] "HEAD /admin_47/ HTTP/1.0" 404 2404
[10/Jan/2020 19:18:43] "GET /47_admin/ HTTP/1.0" 302 0
Not Found: /test.php
[10/Jan/2020 19:18:43] "GET /test.php?mode=phpinfo HTTP/1.0" 404 2413
Not Found: /agora.cgi
[10/Jan/2020 19:18:43] "GET /agora.cgi HTTP/1.0" 404 2403
[10/Jan/2020 19:18:43] "GET /admin/login/?next=/47_admin/ HTTP/1.0" 200 1827
[10/Jan/2020 19:18:44] "HEAD /47admin/ HTTP/1.0" 302 0
Not Found: /antispam.txt
[10/Jan/2020 19:18:44] "GET /antispam.txt HTTP/1.0" 404 2412
Not Found: /manage47/
[10/Jan/2020 19:18:44] "HEAD /manage47/ HTTP/1.0" 404 2404
Not Found: /aktivate/cgi-bin/catgy.cgi
[10/Jan/2020 19:18:44] "GET /aktivate/cgi-bin/catgy.cgi HTTP/1.0" 404 2454
Not Found: /images/login/btn_login.png
[10/Jan/2020 19:18:44] "GET /images/login/btn_login.png HTTP/1.0" 404 2454
Not Found: /manage_47/
[10/Jan/2020 19:18:44] "HEAD /manage_47/ HTTP/1.0" 404 2407
[10/Jan/2020 19:18:44] "HEAD /admin/login/?next=/47admin/ HTTP/1.0" 200 1825
Not Found: /INSTALL.pgsql.txt
[10/Jan/2020 19:18:44] "GET /INSTALL.pgsql.txt HTTP/1.0" 404 2427
Not Found: /index.php
[10/Jan/2020 19:18:44] "GET /index.php?view=phpinfo HTTP/1.0" 404 2416
Not Found: /WebResource.axd
[10/Jan/2020 19:18:44] "GET /WebResource.axd?d=1578655124 HTTP/1.0" 404 2434
Not Found: /_mmServerScripts/MMHTTPDB.jsp
[10/Jan/2020 19:18:44] "GET /_mmServerScripts/MMHTTPDB.jsp HTTP/1.0" 404 2463
Not Found: /58benjo/
[10/Jan/2020 19:18:44] "HEAD /58benjo/ HTTP/1.0" 404 2401
Not Found: //admin/login.php
[10/Jan/2020 19:18:44] "GET //admin/login.php HTTP/1.0" 404 4156
Not Found: /58nbobhf/
[10/Jan/2020 19:18:44] "HEAD /58nbobhf/ HTTP/1.0" 404 2404
Not Found: /spamlog.log
[10/Jan/2020 19:18:44] "GET /spamlog.log HTTP/1.0" 404 2409
[10/Jan/2020 19:18:44] "GET /47admin/ HTTP/1.0" 302 0
Not Found: /MAINTAINERS.txt
[10/Jan/2020 19:18:44] "GET /MAINTAINERS.txt HTTP/1.0" 404 2421
[10/Jan/2020 19:18:44] "GET /admin/login/?next=/47admin/ HTTP/1.0" 200 1825
Not Found: /CVSROOT/config
[10/Jan/2020 19:18:44] "GET /CVSROOT/config HTTP/1.0" 404 2418
Not Found: /abc/abc/abc/${@print(md5(base64_decode(MzYwd2Vic2Nhbg)))}
[10/Jan/2020 19:18:44] "GET /abc/abc/abc/$%7B@print(md5(base64_decode(MzYwd2Vic2Nhbg)))%7D HTTP/1.0" 404 2551
[10/Jan/2020 19:18:44] "HEAD /47_admin/ HTTP/1.0" 302 0
Not Found: /apc.php
[10/Jan/2020 19:18:45] "GET /apc.php HTTP/1.0" 404 2397
Not Found: /sitemap.xml
[10/Jan/2020 19:18:45] "GET /sitemap.xml HTTP/1.0" 404 2409
Not Found: /47manage/
[10/Jan/2020 19:18:45] "GET /47manage/ HTTP/1.0" 404 2403
[10/Jan/2020 19:18:45] "HEAD /admin/login/?next=/47_admin/ HTTP/1.0" 200 1827
Not Found: /editor/kindeditor/skins/default.css
[10/Jan/2020 19:18:45] "GET /editor/kindeditor/skins/default.css HTTP/1.0" 404 2481
Not Found: /index.php
[10/Jan/2020 19:18:45] "GET /index.php?mode=phpinfo HTTP/1.0" 404 2416
Not Found: /58_benjo/
[10/Jan/2020 19:18:45] "HEAD /58_benjo/ HTTP/1.0" 404 2404
Not Found: /TEST.php
[10/Jan/2020 19:18:45] "GET /TEST.php?mode=phpinfo HTTP/1.0" 404 2413
[10/Jan/2020 19:18:45] "GET /47_admin/ HTTP/1.0" 302 0
[10/Jan/2020 19:18:45] "GET /admin/login/?next=/47_admin/ HTTP/1.0" 200 1827
Not Found: /analyse.cgi
[10/Jan/2020 19:18:45] "GET /analyse.cgi HTTP/1.0" 404 2409
Not Found: /install.php
[10/Jan/2020 19:18:45] "GET /install.php?mode=phpinfo HTTP/1.0" 404 2422
Not Found: /readme.txt
[10/Jan/2020 19:18:45] "GET /readme.txt HTTP/1.0" 404 2406
Not Found: /INSTALL.mysql.txt
[10/Jan/2020 19:18:45] "GET /INSTALL.mysql.txt HTTP/1.0" 404 2427
Not Found: /47_manage/
[10/Jan/2020 19:18:45] "HEAD /47_manage/ HTTP/1.0" 404 2407
Not Found: /kindeditor/skins/default.css
[10/Jan/2020 19:18:45] "GET /kindeditor/skins/default.css HTTP/1.0" 404 2460
Not Found: /fck/dialog/fck_about.html
[10/Jan/2020 19:18:45] "GET /fck/dialog/fck_about.html HTTP/1.0" 404 2451
Not Found: /manage47/
[10/Jan/2020 19:18:45] "HEAD /manage47/ HTTP/1.0" 404 2404
Not Found: /adm47/
[10/Jan/2020 19:18:45] "HEAD /adm47/ HTTP/1.0" 404 2395
Not Found: /apps/web/vs_diag.cgi
[10/Jan/2020 19:18:45] "GET /apps/web/vs_diag.cgi HTTP/1.0" 404 2436
Not Found: /manage_47/
[10/Jan/2020 19:18:45] "HEAD /manage_47/ HTTP/1.0" 404 2407
Not Found: /
[10/Jan/2020 19:18:45] "TEXTSEARCH / HTTP/1.0" 404 2365
Not Found: /bocadmin/a/a.png
[10/Jan/2020 19:18:45] "GET /bocadmin/a/a.png HTTP/1.0" 404 4156
Not Found: /adm_47/
[10/Jan/2020 19:18:45] "HEAD /adm_47/ HTTP/1.0" 404 2398
Not Found: /INSTALL.txt
[10/Jan/2020 19:18:45] "GET /INSTALL.txt HTTP/1.0" 404 2409
Not Found: /skins/default.css
[10/Jan/2020 19:18:45] "GET /skins/default.css HTTP/1.0" 404 2427
Not Found: /INSTALL.php
[10/Jan/2020 19:18:45] "GET /INSTALL.php?mode=phpinfo HTTP/1.0" 404 2422
Not Found: /FCK/dialog/fck_about.html
[10/Jan/2020 19:18:46] "GET /FCK/dialog/fck_about.html HTTP/1.0" 404 2451
Not Found: /47manage/
[10/Jan/2020 19:18:46] "HEAD /47manage/ HTTP/1.0" 404 2404
Not Found: /rom-0
[10/Jan/2020 19:18:46] "GET /rom-0 HTTP/1.0" 404 2391
Not Found: /47adm/
[10/Jan/2020 19:18:46] "HEAD /47adm/ HTTP/1.0" 404 2395
Not Found: /47_manage/
[10/Jan/2020 19:18:46] "HEAD /47_manage/ HTTP/1.0" 404 2407
Not Found: /assets/file:///%2e%2e/%2e%2e/%2e%2e/%2e%2e/%2e%2e/%2e%2e/etc/test
[10/Jan/2020 19:18:46] "GET /assets/file:%2f%2f/%252e%252e/%252e%252e/%252e%252e/%252e%252e/%252e%252e/%252e%252e/etc/test HTTP/1.0" 404 2595
Not Found: /47_adm/
[10/Jan/2020 19:18:46] "HEAD /47_adm/ HTTP/1.0" 404 2398
Not Found: /jmx-console/HtmlAdaptor
[10/Jan/2020 19:18:46] "GET /jmx-console/HtmlAdaptor?action=inspectMBean HTTP/1.0" 404 2465
Not Found: /assets/file:///%2e%2e/%2e%2e/%2e%2e/%2e%2e/%2e%2e/%2e%2e/etc/passwd
[10/Jan/2020 19:18:46] "GET /assets/file:%2f%2f/%252e%252e/%252e%252e/%252e%252e/%252e%252e/%252e%252e/%252e%252e/etc/passwd HTTP/1.0" 404 2601
Not Found: /checkbom.php
[10/Jan/2020 19:18:46] "GET /checkbom.php HTTP/1.0" 404 2412
Not Found: /blogdata/L-BLOG.mdb
[10/Jan/2020 19:18:46] "GET /blogdata/L-BLOG.mdb HTTP/1.0" 404 2433
Not Found: /
[10/Jan/2020 19:18:46] "POST / HTTP/1.0" 404 2359
Not Found: /database/PowerEasy2005.mdb
[10/Jan/2020 19:18:46] "GET /database/PowerEasy2005.mdb HTTP/1.0" 404 2454
Not Found: /LICENSE_AFL.txt
[10/Jan/2020 19:18:46] "GET /LICENSE_AFL.txt HTTP/1.0" 404 2421
Not Found: /axis-cgi/buffer/command.cgi
[10/Jan/2020 19:18:46] "GET /axis-cgi/buffer/command.cgi HTTP/1.0" 404 2457
Not Found: /adm47/
Not Found: /Eduplate/css/css.css
[10/Jan/2020 19:18:46] "HEAD /adm47/ HTTP/1.0" 404 2395
[10/Jan/2020 19:18:46] "GET /Eduplate/css/css.css HTTP/1.0" 404 2436
Not Found: /bom.php
[10/Jan/2020 19:18:46] "GET /bom.php HTTP/1.0" 404 2397
Not Found: /admin.php
[10/Jan/2020 19:18:46] "HEAD /admin.php HTTP/1.0" 404 2404
Not Found: /apc.php
[10/Jan/2020 19:18:46] "GET /apc.php HTTP/1.0" 404 2397
Not Found: /bandwidth/index.cgi
Not Found: /readme.txt
[10/Jan/2020 19:18:46] "GET /bandwidth/index.cgi HTTP/1.0" 404 2433
[10/Jan/2020 19:18:46] "GET /readme.txt HTTP/1.0" 404 2406
Not Found: /blog/blogdata/L-BLOG.mdb
[10/Jan/2020 19:18:46] "GET /blog/blogdata/L-BLOG.mdb HTTP/1.0" 404 2448
Not Found: /
[10/Jan/2020 19:18:46] "REPLY / HTTP/1.0" 404 2360
Not Found: /test1.php
[10/Jan/2020 19:18:46] "GET /test1.php HTTP/1.0" 404 2403
Not Found: /
[10/Jan/2020 19:18:46] "OPTIONS / HTTP/1.0" 404 2362
Not Found: /bigconf.cgi
[10/Jan/2020 19:18:46] "GET /bigconf.cgi HTTP/1.0" 404 2409
Not Found: /
[10/Jan/2020 19:18:46] "INDEX / HTTP/1.0" 404 2360
Not Found: /cart.cgi
Not Found: /
[10/Jan/2020 19:18:46] "GET /cart.cgi HTTP/1.0" 404 2400
[10/Jan/2020 19:18:46] "UNLINK / HTTP/1.0" 404 2361
Not Found: /fckeditor/dialog/fck_about.html
[10/Jan/2020 19:18:46] "GET /fckeditor/dialog/fck_about.html HTTP/1.0" 404 2469
Not Found: /CVS/config,v
[10/Jan/2020 19:18:46] "GET /CVS/config,v HTTP/1.0" 404 2412
Not Found: /axis2/axis2-web/images/axis_l.jpg
[10/Jan/2020 19:27:36] "GET /axis2/axis2-web/images/axis_l.jpg HTTP/1.0" 404 2475
[11/Jan/2020 12:35:33] code 400, message Bad request syntax ('\x00\x00\x00TZ\x00\x00\x00\x00\x00\x00\x00\x00\x01\x00\x00\x04\x010I\x00\x00\x00\x00\x80\x0b¨À\x00\x0c)t F\x07\x00tsXrcsXYs9\x00\x00\x00\x00\x00\x00\x00\x00\x00\x00\x00\x00\x00\x00\x00\x00\x00\x00\x00\x00\x00\x00bbXcsXctst\x00\x00\x00\x00\x00\x00')
[11/Jan/2020 12:35:33] "   TZ          0I    ¨À )t F tsXrcsXYs9                      bbXcsXctst      " 400 -
Not Found: /
[11/Jan/2020 12:35:33] "GET / HTTP/1.1" 404 2363
[12/Jan/2020 04:45:11] code 400, message Bad HTTP/0.9 request type ('\x03\x00\x00/*à\x00\x00\x00\x00\x00Cookie:')
[12/Jan/2020 04:45:11] "  /*à     Cookie: mstshash=Administr" 400 -
[12/Jan/2020 17:06:12] code 400, message Bad request syntax ('\x16\x03\x01\x00u\x01\x00\x00q\x03\x03\x00\x11ð¾\x8aI}a\x90(}µÎt\x8a©";(I³\x11£¥93\x1f\x0c\x1eN\x1c,\x00\x00\x1aÀ/À+À\x11À\x07À\x13À\tÀ\x14À')
[12/Jan/2020 17:06:12] You're accessing the development server over HTTPS, but it only supports HTTP.

[12/Jan/2020 17:44:03] code 400, message Bad request version ('À\x14À')
[12/Jan/2020 17:44:03] You're accessing the development server over HTTPS, but it only supports HTTP.

[13/Jan/2020 09:44:03] "GET /static/images/fw/fw_icon_on_10.png HTTP/1.1" 404 1709
[13/Jan/2020 09:49:27] "POST /pay/ HTTP/1.1" 302 0
[13/Jan/2020 09:49:43] "POST /pay/ HTTP/1.1" 302 0
[13/Jan/2020 09:51:17] "GET /index/ HTTP/1.1" 200 5214
[13/Jan/2020 09:51:17] "GET /static/css/base.css HTTP/1.1" 304 0
[13/Jan/2020 09:51:17] "GET /static/css/help.css HTTP/1.1" 304 0
[13/Jan/2020 09:51:18] "POST /pay/ HTTP/1.1" 302 0
[13/Jan/2020 09:51:29] "POST /update_order/ HTTP/1.1" 200 12
[13/Jan/2020 09:51:43] "GET /result/?charset=utf-8&out_trade_no=x21578880278.932767&method=alipay.trade.page.pay.return&total_amount=1.00&sign=tWISPRBaXu6RoIlcse8LuMWaBTGFOj3u3ivHftpMXC%2Fl6BfaRNG%2FFGOYGLjhCwjlT1n86bZeWw7eDQI%2FEx1XNQL86N0ONRwdUm5BAXso3c41To9voGjqJT4AdwVXR80dkL%2B9HOqQPrKKsxhLu5tDshCgYlLd%2FDzGBIIw2MClnzd3wFMJ40FoDrsdw1L9ZNd9sATIu3nN%2BQOzHo8UJ7vseCZ7kvHFRn35gBNmzKm9A7WFPS5xMzjXlPhvhhWMp2zCvDnFoTYcOzYiQjfRKM4kzJwDfm8Yq7MZEoqkOmu5Jp%2FA5Bx98xUvEoceryc1WASQ1SegETiPXaZAtFqgFXUMRQ%3D%3D&trade_no=2020011322001420321410739870&auth_app_id=2021001107636100&version=1.0&app_id=2021001107636100&sign_type=RSA2&seller_id=2088631276747463&timestamp=2020-01-13+09%3A51%3A37 HTTP/1.1" 200 12
[13/Jan/2020 09:52:16] "GET /static/images/fw/fw_icon_on_10.png HTTP/1.1" 404 1709
[13/Jan/2020 09:52:35] "POST /pay/ HTTP/1.1" 302 0
[13/Jan/2020 09:52:52] "GET /static/images/fw/fw_icon_on_10.png HTTP/1.1" 404 1709
[13/Jan/2020 09:54:47] "POST /update_order/ HTTP/1.1" 200 12
[13/Jan/2020 10:05:39] "POST /update_order/ HTTP/1.1" 200 12
[13/Jan/2020 10:16:02] "POST /update_order/ HTTP/1.1" 200 12
